IQ-TREE multicore version 2.1.2 COVID-edition for Linux 64-bit built Oct 22 2020
Developed by Bui Quang Minh, James Barbetti, Nguyen Lam Tung,
Olga Chernomor, Heiko Schmidt, Dominik Schrempf, Michael Woodhams.

Host:    c4-20 (AVX512, FMA3, 187 GB RAM)
Command: iqtree -ntmax 1 -s results/aligned-delim.fasta -m GTR -ninit 2 -n 2 -me 0.05 -nt AUTO -redo
Seed:    702474 (Using SPRNG - Scalable Parallel Random Number Generator)
Time:    Mon Jun 17 10:24:08 2024
Kernel:  AVX+FMA - auto-detect threads (1 CPU cores detected)

Reading alignment file results/aligned-delim.fasta ... Fasta format detected
Alignment most likely contains DNA/RNA sequences
Alignment has 58 sequences with 1703 columns, 272 distinct patterns
202 parsimony-informative, 151 singleton sites, 1350 constant sites
WARNING: Some sequence names are changed as follows:
EPI_ISL_18133342_DELIM-ILQVNMWLZCLMLQWHCVLK_A_DELIM-QUBFJOGICKDZAIYEZBSH_Cooper'sHawk_DELIM-QUBFJOGICKDZAIYEZBSH_Minnesota_DELIM-QUBFJOGICKDZAIYEZBSH_USDA-012931-001_DELIM-QUBFJOGICKDZAIYEZBSH_2022_DELIM-ILQVNMWLZCLMLQWHCVLK_WildBird_DELIM-ILQVNMWLZCLMLQWHCVLK_NorthAmerica_DELIM-ILQVNMWLZCLMLQWHCVLK_Hawk_DELIM-ILQVNMWLZCLMLQWHCVLK_2022-04-22 -> EPI_ISL_18133342_DELIM-ILQVNMWLZCLMLQWHCVLK_A_DELIM-QUBFJOGICKDZAIYEZBSH_Cooper_sHawk_DELIM-QUBFJOGICKDZAIYEZBSH_Minnesota_DELIM-QUBFJOGICKDZAIYEZBSH_USDA-012931-001_DELIM-QUBFJOGICKDZAIYEZBSH_2022_DELIM-ILQVNMWLZCLMLQWHCVLK_WildBird_DELIM-ILQVNMWLZCLMLQWHCVLK_NorthAmerica_DELIM-ILQVNMWLZCLMLQWHCVLK_Hawk_DELIM-ILQVNMWLZCLMLQWHCVLK_2022-04-22

                                                                                                                                                                                                                                                                                                                                                                                                         Gap/Ambiguity  Composition  p-value
   1  HPAI000001.1                                                                                                                                                                                                                                                                                                                                                                                               0.00%    passed     82.34%
   2  EPI_ISL_177761_DELIM-ILQVNMWLZCLMLQWHCVLK_A_DELIM-QUBFJOGICKDZAIYEZBSH_cat_DELIM-QUBFJOGICKDZAIYEZBSH_Sichuan_DELIM-QUBFJOGICKDZAIYEZBSH_SC18_DELIM-QUBFJOGICKDZAIYEZBSH_2014_DELIM-ILQVNMWLZCLMLQWHCVLK_Pet_DELIM-ILQVNMWLZCLMLQWHCVLK_Asia_DELIM-ILQVNMWLZCLMLQWHCVLK_Cat_DELIM-ILQVNMWLZCLMLQWHCVLK_2014-05-02                                                                                          0.06%    passed     85.25%
   3  EPI_ISL_266596_DELIM-ILQVNMWLZCLMLQWHCVLK_A_DELIM-QUBFJOGICKDZAIYEZBSH_swine_DELIM-QUBFJOGICKDZAIYEZBSH_Guangdong_DELIM-QUBFJOGICKDZAIYEZBSH_G3_DELIM-QUBFJOGICKDZAIYEZBSH_2015_DELIM-ILQVNMWLZCLMLQWHCVLK_LivestockMammal_DELIM-ILQVNMWLZCLMLQWHCVLK_Asia_DELIM-ILQVNMWLZCLMLQWHCVLK_Swine_DELIM-ILQVNMWLZCLMLQWHCVLK_2015-03-26                                                                          0.06%    passed     85.45%
   4  EPI_ISL_11208197_DELIM-ILQVNMWLZCLMLQWHCVLK_A_DELIM-QUBFJOGICKDZAIYEZBSH_Duck_DELIM-QUBFJOGICKDZAIYEZBSH_Hunan_DELIM-QUBFJOGICKDZAIYEZBSH_S40268_DELIM-QUBFJOGICKDZAIYEZBSH_2021_DELIM-QBSVTYJULFHJZSRWSFMR_H5N6_DELIM-NQBWASCVEGGLWZHMSIWU__DELIM-ILQVNMWLZCLMLQWHCVLK_OtherBird_DELIM-ILQVNMWLZCLMLQWHCVLK_Asia_DELIM-ILQVNMWLZCLMLQWHCVLK_Duck_DELIM-ILQVNMWLZCLMLQWHCVLK_2021-12-01                    0.06%    passed     99.09%
   5  EPI_ISL_13295170_DELIM-ILQVNMWLZCLMLQWHCVLK_A_DELIM-QUBFJOGICKDZAIYEZBSH_Duck_DELIM-QUBFJOGICKDZAIYEZBSH_Cambodia_DELIM-QUBFJOGICKDZAIYEZBSH_f6T241D4_DELIM-QUBFJOGICKDZAIYEZBSH_2021_DELIM-ILQVNMWLZCLMLQWHCVLK_OtherBird_DELIM-ILQVNMWLZCLMLQWHCVLK_Asia_DELIM-ILQVNMWLZCLMLQWHCVLK_Duck_DELIM-ILQVNMWLZCLMLQWHCVLK_2021-11-16                                                                           0.06%    passed     99.94%
   6  EPI_ISL_1139032_DELIM-ILQVNMWLZCLMLQWHCVLK_A_DELIM-QUBFJOGICKDZAIYEZBSH_barnacleGoose_DELIM-QUBFJOGICKDZAIYEZBSH_Netherlands_DELIM-QUBFJOGICKDZAIYEZBSH_20017159-006_DELIM-QUBFJOGICKDZAIYEZBSH_2020_DELIM-ILQVNMWLZCLMLQWHCVLK_WildBird_DELIM-ILQVNMWLZCLMLQWHCVLK_Europe_DELIM-ILQVNMWLZCLMLQWHCVLK_Goose_DELIM-ILQVNMWLZCLMLQWHCVLK_2020-11-04                                                          0.06%    passed     99.74%
   7  EPI_ISL_18953098_DELIM-ILQVNMWLZCLMLQWHCVLK_A_DELIM-QUBFJOGICKDZAIYEZBSH_barnacle_Goose_DELIM-QUBFJOGICKDZAIYEZBSH_Denmark_DELIM-QUBFJOGICKDZAIYEZBSH_14600-2_DELIM-QUBFJOGICKDZAIYEZBSH_2020_DELIM-ILQVNMWLZCLMLQWHCVLK_WildBird_DELIM-ILQVNMWLZCLMLQWHCVLK_Europe_DELIM-ILQVNMWLZCLMLQWHCVLK_Goose_DELIM-ILQVNMWLZCLMLQWHCVLK_2020-11-07                                                                 0.06%    passed     99.96%
   8  EPI_ISL_17971990_DELIM-ILQVNMWLZCLMLQWHCVLK_A_DELIM-QUBFJOGICKDZAIYEZBSH_Domestic_cat_DELIM-QUBFJOGICKDZAIYEZBSH_Poland_DELIM-QUBFJOGICKDZAIYEZBSH_H256-G_DELIM-QUBFJOGICKDZAIYEZBSH_2023_DELIM-QBSVTYJULFHJZSRWSFMR_H5N1_DELIM-NQBWASCVEGGLWZHMSIWU__DELIM-ILQVNMWLZCLMLQWHCVLK_Pet_DELIM-ILQVNMWLZCLMLQWHCVLK_Europe_DELIM-ILQVNMWLZCLMLQWHCVLK_Cat_DELIM-ILQVNMWLZCLMLQWHCVLK_2023-06-24                0.06%    passed     99.89%
   9  EPI_ISL_18033410_DELIM-ILQVNMWLZCLMLQWHCVLK_A_DELIM-QUBFJOGICKDZAIYEZBSH_Domestic_cat_DELIM-QUBFJOGICKDZAIYEZBSH_Poland_DELIM-QUBFJOGICKDZAIYEZBSH_H293-N_DELIM-QUBFJOGICKDZAIYEZBSH_2023_DELIM-ILQVNMWLZCLMLQWHCVLK_Pet_DELIM-ILQVNMWLZCLMLQWHCVLK_Europe_DELIM-ILQVNMWLZCLMLQWHCVLK_Cat_DELIM-ILQVNMWLZCLMLQWHCVLK_2023-07-01                                                                            0.12%    passed     99.87%
  10  EPI_ISL_14760562_DELIM-ILQVNMWLZCLMLQWHCVLK_A_DELIM-QUBFJOGICKDZAIYEZBSH_Duck_DELIM-QUBFJOGICKDZAIYEZBSH_Italy_DELIM-QUBFJOGICKDZAIYEZBSH_21VIR9373-2_DELIM-QUBFJOGICKDZAIYEZBSH_2021_DELIM-ILQVNMWLZCLMLQWHCVLK_OtherBird_DELIM-ILQVNMWLZCLMLQWHCVLK_Europe_DELIM-ILQVNMWLZCLMLQWHCVLK_Duck_DELIM-ILQVNMWLZCLMLQWHCVLK_2021-11-09                                                                         0.06%    passed     99.69%
  11  EPI_ISL_17414603_DELIM-ILQVNMWLZCLMLQWHCVLK_A_DELIM-QUBFJOGICKDZAIYEZBSH_avian_DELIM-QUBFJOGICKDZAIYEZBSH_Nigeria_DELIM-QUBFJOGICKDZAIYEZBSH_VRD-21-053_21RS744-70_DELIM-QUBFJOGICKDZAIYEZBSH_2021_DELIM-ILQVNMWLZCLMLQWHCVLK_OtherBird_DELIM-ILQVNMWLZCLMLQWHCVLK_Africa_DELIM-ILQVNMWLZCLMLQWHCVLK_Avian_DELIM-ILQVNMWLZCLMLQWHCVLK_2021-02-11                                                           0.12%    passed     99.97%
  12  EPI_ISL_15542438_DELIM-ILQVNMWLZCLMLQWHCVLK_A_DELIM-QUBFJOGICKDZAIYEZBSH_Human_DELIM-QUBFJOGICKDZAIYEZBSH_CastillaLaMancha_DELIM-QUBFJOGICKDZAIYEZBSH_3739_DELIM-QUBFJOGICKDZAIYEZBSH_2022_DELIM-ILQVNMWLZCLMLQWHCVLK_Human_DELIM-ILQVNMWLZCLMLQWHCVLK_Europe_DELIM-ILQVNMWLZCLMLQWHCVLK_Human_DELIM-ILQVNMWLZCLMLQWHCVLK_2022-09-23                                                                       0.06%    passed     97.58%
  13  EPI_ISL_16813290_DELIM-ILQVNMWLZCLMLQWHCVLK_A_DELIM-QUBFJOGICKDZAIYEZBSH_Human_DELIM-QUBFJOGICKDZAIYEZBSH_CastillaLaMancha_DELIM-QUBFJOGICKDZAIYEZBSH_3869_DELIM-QUBFJOGICKDZAIYEZBSH_2022_DELIM-ILQVNMWLZCLMLQWHCVLK_Human_DELIM-ILQVNMWLZCLMLQWHCVLK_Europe_DELIM-ILQVNMWLZCLMLQWHCVLK_Human_DELIM-ILQVNMWLZCLMLQWHCVLK_2022-10-13                                                                       0.06%    passed     97.58%
  14  EPI_ISL_19074717_DELIM-ILQVNMWLZCLMLQWHCVLK_A_DELIM-QUBFJOGICKDZAIYEZBSH_murine_DELIM-QUBFJOGICKDZAIYEZBSH_Hiroshima_DELIM-QUBFJOGICKDZAIYEZBSH_TU10-B_DELIM-QUBFJOGICKDZAIYEZBSH_2024_DELIM-ILQVNMWLZCLMLQWHCVLK_WildMammal_DELIM-ILQVNMWLZCLMLQWHCVLK_Asia_DELIM-ILQVNMWLZCLMLQWHCVLK_Murine_DELIM-ILQVNMWLZCLMLQWHCVLK_2024-03-12                                                                       0.06%    passed     99.74%
  15  EPI_ISL_17415170_DELIM-ILQVNMWLZCLMLQWHCVLK_A_DELIM-QUBFJOGICKDZAIYEZBSH_avian_DELIM-QUBFJOGICKDZAIYEZBSH_Nigeria_DELIM-QUBFJOGICKDZAIYEZBSH_271PT_22VIR3286-71_DELIM-QUBFJOGICKDZAIYEZBSH_2021_DELIM-ILQVNMWLZCLMLQWHCVLK_OtherBird_DELIM-ILQVNMWLZCLMLQWHCVLK_Africa_DELIM-ILQVNMWLZCLMLQWHCVLK_Avian_DELIM-ILQVNMWLZCLMLQWHCVLK_2021-01-01                                                              0.06%    passed     99.24%
  16  EPI_ISL_18462535_DELIM-ILQVNMWLZCLMLQWHCVLK_A_DELIM-QUBFJOGICKDZAIYEZBSH_white-faced_whistling_Duck_DELIM-QUBFJOGICKDZAIYEZBSH_Nigeria_DELIM-QUBFJOGICKDZAIYEZBSH_VRD22-305-Dal13_23VIR8254-108_DELIM-QUBFJOGICKDZAIYEZBSH_2022_DELIM-ILQVNMWLZCLMLQWHCVLK_WildBird_DELIM-ILQVNMWLZCLMLQWHCVLK_Africa_DELIM-ILQVNMWLZCLMLQWHCVLK_Duck_DELIM-ILQVNMWLZCLMLQWHCVLK_2022-03-01                                0.06%    passed     99.95%
  17  EPI_ISL_12174842_DELIM-ILQVNMWLZCLMLQWHCVLK_A_DELIM-QUBFJOGICKDZAIYEZBSH_EzoredFox_DELIM-QUBFJOGICKDZAIYEZBSH_Hokkaido_DELIM-QUBFJOGICKDZAIYEZBSH_1_DELIM-QUBFJOGICKDZAIYEZBSH_2022_DELIM-ILQVNMWLZCLMLQWHCVLK_WildMammal_DELIM-ILQVNMWLZCLMLQWHCVLK_Asia_DELIM-ILQVNMWLZCLMLQWHCVLK_Fox_DELIM-ILQVNMWLZCLMLQWHCVLK_2022-03-31                                                                             0.06%    passed     97.67%
  18  EPI_ISL_18290476_DELIM-ILQVNMWLZCLMLQWHCVLK_A_DELIM-QUBFJOGICKDZAIYEZBSH_arctic-Fox_DELIM-QUBFJOGICKDZAIYEZBSH_Finland_DELIM-QUBFJOGICKDZAIYEZBSH_1086_DELIM-QUBFJOGICKDZAIYEZBSH_2023_DELIM-ILQVNMWLZCLMLQWHCVLK_WildMammal_DELIM-ILQVNMWLZCLMLQWHCVLK_Europe_DELIM-ILQVNMWLZCLMLQWHCVLK_Fox_DELIM-ILQVNMWLZCLMLQWHCVLK_2023-08-09                                                                        0.06%    passed     98.46%
  19  EPI_ISL_13369767_DELIM-ILQVNMWLZCLMLQWHCVLK_A_DELIM-QUBFJOGICKDZAIYEZBSH_Turkey_DELIM-QUBFJOGICKDZAIYEZBSH_England_DELIM-QUBFJOGICKDZAIYEZBSH_059407_DELIM-QUBFJOGICKDZAIYEZBSH_2021_DELIM-ILQVNMWLZCLMLQWHCVLK_LivestockAvian_DELIM-ILQVNMWLZCLMLQWHCVLK_Europe_DELIM-ILQVNMWLZCLMLQWHCVLK_Turkey_DELIM-ILQVNMWLZCLMLQWHCVLK_2021-11-20                                                                   0.06%    passed     99.94%
  20  EPI_ISL_9029956_DELIM-ILQVNMWLZCLMLQWHCVLK_A_DELIM-QUBFJOGICKDZAIYEZBSH_Chicken_DELIM-QUBFJOGICKDZAIYEZBSH_England_DELIM-QUBFJOGICKDZAIYEZBSH_057314_DELIM-QUBFJOGICKDZAIYEZBSH_2021_DELIM-ILQVNMWLZCLMLQWHCVLK_LivestockAvian_DELIM-ILQVNMWLZCLMLQWHCVLK_Europe_DELIM-ILQVNMWLZCLMLQWHCVLK_Chicken_DELIM-ILQVNMWLZCLMLQWHCVLK_2021-11-14                                                                  0.06%    passed     99.98%
  21  EPI_ISL_1789695_DELIM-ILQVNMWLZCLMLQWHCVLK_A_DELIM-QUBFJOGICKDZAIYEZBSH_GreySeal_DELIM-QUBFJOGICKDZAIYEZBSH_SVA210406SZ0066_DELIM-QUBFJOGICKDZAIYEZBSH_KN001401_DELIM-QUBFJOGICKDZAIYEZBSH_2021_DELIM-ILQVNMWLZCLMLQWHCVLK_WildMammal_DELIM-ILQVNMWLZCLMLQWHCVLK_Europe_DELIM-ILQVNMWLZCLMLQWHCVLK_Seal_DELIM-ILQVNMWLZCLMLQWHCVLK_2021-03-18                                                              0.06%    passed     99.54%
  22  EPI_ISL_4568642_DELIM-ILQVNMWLZCLMLQWHCVLK_A_DELIM-QUBFJOGICKDZAIYEZBSH_Human_DELIM-QUBFJOGICKDZAIYEZBSH_Hunan_DELIM-QUBFJOGICKDZAIYEZBSH_09285_DELIM-QUBFJOGICKDZAIYEZBSH_2021_DELIM-ILQVNMWLZCLMLQWHCVLK_Human_DELIM-ILQVNMWLZCLMLQWHCVLK_Asia_DELIM-ILQVNMWLZCLMLQWHCVLK_Human_DELIM-ILQVNMWLZCLMLQWHCVLK_2021-08-07                                                                                    0.06%    passed     99.91%
  23  EPI_ISL_18771178_DELIM-ILQVNMWLZCLMLQWHCVLK_A_DELIM-QUBFJOGICKDZAIYEZBSH_whitemink_DELIM-QUBFJOGICKDZAIYEZBSH_Finland_DELIM-QUBFJOGICKDZAIYEZBSH_UH-353-E1_DELIM-QUBFJOGICKDZAIYEZBSH_2023_DELIM-ILQVNMWLZCLMLQWHCVLK_LivestockMammal_DELIM-ILQVNMWLZCLMLQWHCVLK_Europe_DELIM-ILQVNMWLZCLMLQWHCVLK_Mink_DELIM-ILQVNMWLZCLMLQWHCVLK_2023-10-17                                                              0.06%    passed     96.39%
  24  EPI_ISL_18771245_DELIM-ILQVNMWLZCLMLQWHCVLK_A_DELIM-QUBFJOGICKDZAIYEZBSH_whitemink_DELIM-QUBFJOGICKDZAIYEZBSH_Finland_DELIM-QUBFJOGICKDZAIYEZBSH_UH-361-E1_DELIM-QUBFJOGICKDZAIYEZBSH_2023_DELIM-ILQVNMWLZCLMLQWHCVLK_LivestockMammal_DELIM-ILQVNMWLZCLMLQWHCVLK_Europe_DELIM-ILQVNMWLZCLMLQWHCVLK_Mink_DELIM-ILQVNMWLZCLMLQWHCVLK_2023-10-17                                                              0.06%    passed     96.39%
  25  EPI_ISL_15839841_DELIM-ILQVNMWLZCLMLQWHCVLK_A_DELIM-QUBFJOGICKDZAIYEZBSH_Africanpenguin_DELIM-QUBFJOGICKDZAIYEZBSH_SouthAfrica_DELIM-QUBFJOGICKDZAIYEZBSH_21100423D_DELIM-QUBFJOGICKDZAIYEZBSH_2021_DELIM-ILQVNMWLZCLMLQWHCVLK_WildBird_DELIM-ILQVNMWLZCLMLQWHCVLK_Africa_DELIM-ILQVNMWLZCLMLQWHCVLK_Penguin_DELIM-ILQVNMWLZCLMLQWHCVLK_2021-10-26                                                         0.06%    passed     99.60%
  26  EPI_ISL_12799972_DELIM-ILQVNMWLZCLMLQWHCVLK_A_DELIM-QUBFJOGICKDZAIYEZBSH_Human_DELIM-QUBFJOGICKDZAIYEZBSH_Colorado_DELIM-QUBFJOGICKDZAIYEZBSH_18_DELIM-QUBFJOGICKDZAIYEZBSH_2022_DELIM-ILQVNMWLZCLMLQWHCVLK_Human_DELIM-ILQVNMWLZCLMLQWHCVLK_NorthAmerica_DELIM-ILQVNMWLZCLMLQWHCVLK_Human_DELIM-ILQVNMWLZCLMLQWHCVLK_2022-04-20                                                                           0.12%    passed     99.69%
  27  EPI_ISL_18133342_DELIM-ILQVNMWLZCLMLQWHCVLK_A_DELIM-QUBFJOGICKDZAIYEZBSH_Cooper_sHawk_DELIM-QUBFJOGICKDZAIYEZBSH_Minnesota_DELIM-QUBFJOGICKDZAIYEZBSH_USDA-012931-001_DELIM-QUBFJOGICKDZAIYEZBSH_2022_DELIM-ILQVNMWLZCLMLQWHCVLK_WildBird_DELIM-ILQVNMWLZCLMLQWHCVLK_NorthAmerica_DELIM-ILQVNMWLZCLMLQWHCVLK_Hawk_DELIM-ILQVNMWLZCLMLQWHCVLK_2022-04-22                                                    0.06%    passed     99.78%
  28  EPI_ISL_18132805_DELIM-ILQVNMWLZCLMLQWHCVLK_A_DELIM-QUBFJOGICKDZAIYEZBSH_Turkey_DELIM-QUBFJOGICKDZAIYEZBSH_SouthDakota_DELIM-QUBFJOGICKDZAIYEZBSH_USDA-010138-001_DELIM-QUBFJOGICKDZAIYEZBSH_2022_DELIM-ILQVNMWLZCLMLQWHCVLK_LivestockAvian_DELIM-ILQVNMWLZCLMLQWHCVLK_NorthAmerica_DELIM-ILQVNMWLZCLMLQWHCVLK_Turkey_DELIM-ILQVNMWLZCLMLQWHCVLK_2022-04-04                                                0.06%    passed     99.59%
  29  EPI_ISL_16171496_DELIM-ILQVNMWLZCLMLQWHCVLK_A_DELIM-QUBFJOGICKDZAIYEZBSH_Duck_DELIM-QUBFJOGICKDZAIYEZBSH_Wisconsin_DELIM-QUBFJOGICKDZAIYEZBSH_22-013373-001-original_DELIM-QUBFJOGICKDZAIYEZBSH_2022_DELIM-ILQVNMWLZCLMLQWHCVLK_OtherBird_DELIM-ILQVNMWLZCLMLQWHCVLK_NorthAmerica_DELIM-ILQVNMWLZCLMLQWHCVLK_Duck_DELIM-ILQVNMWLZCLMLQWHCVLK_2022-04-30                                                    0.06%    passed     98.70%
  30  EPI_ISL_18132794_DELIM-ILQVNMWLZCLMLQWHCVLK_A_DELIM-QUBFJOGICKDZAIYEZBSH_BaldEagle_DELIM-QUBFJOGICKDZAIYEZBSH_Minnesota_DELIM-QUBFJOGICKDZAIYEZBSH_USDA-011695-001_DELIM-QUBFJOGICKDZAIYEZBSH_2022_DELIM-ILQVNMWLZCLMLQWHCVLK_WildBird_DELIM-ILQVNMWLZCLMLQWHCVLK_NorthAmerica_DELIM-ILQVNMWLZCLMLQWHCVLK_Eagle_DELIM-ILQVNMWLZCLMLQWHCVLK_2022-04-14                                                      0.06%    passed     99.53%
  31  EPI_ISL_18133353_DELIM-ILQVNMWLZCLMLQWHCVLK_A_DELIM-QUBFJOGICKDZAIYEZBSH_Duck_DELIM-QUBFJOGICKDZAIYEZBSH_Indiana_DELIM-QUBFJOGICKDZAIYEZBSH_USDA-011343-001_DELIM-QUBFJOGICKDZAIYEZBSH_2022_DELIM-ILQVNMWLZCLMLQWHCVLK_OtherBird_DELIM-ILQVNMWLZCLMLQWHCVLK_NorthAmerica_DELIM-ILQVNMWLZCLMLQWHCVLK_Duck_DELIM-ILQVNMWLZCLMLQWHCVLK_2022-04-12                                                             0.06%    passed     98.90%
  32  EPI_ISL_16240885_DELIM-ILQVNMWLZCLMLQWHCVLK_A_DELIM-QUBFJOGICKDZAIYEZBSH_Chicken_DELIM-QUBFJOGICKDZAIYEZBSH_Wisconsin_DELIM-QUBFJOGICKDZAIYEZBSH_22-014859-001-original_DELIM-QUBFJOGICKDZAIYEZBSH_2022_DELIM-ILQVNMWLZCLMLQWHCVLK_LivestockAvian_DELIM-ILQVNMWLZCLMLQWHCVLK_NorthAmerica_DELIM-ILQVNMWLZCLMLQWHCVLK_Chicken_DELIM-ILQVNMWLZCLMLQWHCVLK_2022-05-11                                         0.06%    passed     98.80%
  33  EPI_ISL_17821929_DELIM-ILQVNMWLZCLMLQWHCVLK_A_DELIM-QUBFJOGICKDZAIYEZBSH_cat_DELIM-QUBFJOGICKDZAIYEZBSH_Nebraska_DELIM-QUBFJOGICKDZAIYEZBSH_23-001172-001-original_DELIM-QUBFJOGICKDZAIYEZBSH_2023_DELIM-ILQVNMWLZCLMLQWHCVLK_Pet_DELIM-ILQVNMWLZCLMLQWHCVLK_NorthAmerica_DELIM-ILQVNMWLZCLMLQWHCVLK_Cat_DELIM-ILQVNMWLZCLMLQWHCVLK_2023-01-10                                                             0.06%    passed     99.87%
  34  EPI_ISL_18310960_DELIM-ILQVNMWLZCLMLQWHCVLK_A_DELIM-QUBFJOGICKDZAIYEZBSH_backyardDuck_DELIM-QUBFJOGICKDZAIYEZBSH_Uruguay_DELIM-QUBFJOGICKDZAIYEZBSH_UDELAR-124-M3_DELIM-QUBFJOGICKDZAIYEZBSH_2023_DELIM-ILQVNMWLZCLMLQWHCVLK_WildBird_DELIM-ILQVNMWLZCLMLQWHCVLK_SouthAmerica_DELIM-ILQVNMWLZCLMLQWHCVLK_Duck_DELIM-ILQVNMWLZCLMLQWHCVLK_2023-04-16                                                        0.06%    passed     99.91%
  35  EPI_ISL_18698516_DELIM-ILQVNMWLZCLMLQWHCVLK_A_DELIM-QUBFJOGICKDZAIYEZBSH_Avian_DELIM-QUBFJOGICKDZAIYEZBSH_Argentina_DELIM-QUBFJOGICKDZAIYEZBSH_1762-2_DELIM-QUBFJOGICKDZAIYEZBSH_2023_DELIM-ILQVNMWLZCLMLQWHCVLK_OtherBird_DELIM-ILQVNMWLZCLMLQWHCVLK_SouthAmerica_DELIM-ILQVNMWLZCLMLQWHCVLK_Avian_DELIM-ILQVNMWLZCLMLQWHCVLK_2023-04-21                                                                  0.06%    passed     99.94%
  36  EPI_ISL_18698523_DELIM-ILQVNMWLZCLMLQWHCVLK_A_DELIM-QUBFJOGICKDZAIYEZBSH_Duck_DELIM-QUBFJOGICKDZAIYEZBSH_Argentina_DELIM-QUBFJOGICKDZAIYEZBSH_2197-1_DELIM-QUBFJOGICKDZAIYEZBSH_2023_DELIM-ILQVNMWLZCLMLQWHCVLK_OtherBird_DELIM-ILQVNMWLZCLMLQWHCVLK_SouthAmerica_DELIM-ILQVNMWLZCLMLQWHCVLK_Duck_DELIM-ILQVNMWLZCLMLQWHCVLK_2023-05-11                                                                    0.06%    passed     99.91%
  37  EPI_ISL_18698502_DELIM-ILQVNMWLZCLMLQWHCVLK_A_DELIM-QUBFJOGICKDZAIYEZBSH_Chicken_DELIM-QUBFJOGICKDZAIYEZBSH_Argentina_DELIM-QUBFJOGICKDZAIYEZBSH_919-3_DELIM-QUBFJOGICKDZAIYEZBSH_2023_DELIM-ILQVNMWLZCLMLQWHCVLK_LivestockAvian_DELIM-ILQVNMWLZCLMLQWHCVLK_SouthAmerica_DELIM-ILQVNMWLZCLMLQWHCVLK_Chicken_DELIM-ILQVNMWLZCLMLQWHCVLK_2023-03-13                                                          0.06%    passed     99.86%
  38  EPI_ISL_16023371_DELIM-ILQVNMWLZCLMLQWHCVLK_A_DELIM-QUBFJOGICKDZAIYEZBSH_RedFox_DELIM-QUBFJOGICKDZAIYEZBSH_AB_DELIM-QUBFJOGICKDZAIYEZBSH_FAV-0835-13_DELIM-QUBFJOGICKDZAIYEZBSH_2022_DELIM-ILQVNMWLZCLMLQWHCVLK_WildMammal_DELIM-ILQVNMWLZCLMLQWHCVLK_NorthAmerica_DELIM-ILQVNMWLZCLMLQWHCVLK_Fox_DELIM-ILQVNMWLZCLMLQWHCVLK_2022-06-10                                                                    0.06%    passed     99.54%
  39  EPI_ISL_18054506_DELIM-ILQVNMWLZCLMLQWHCVLK_A_DELIM-QUBFJOGICKDZAIYEZBSH_Pelican_DELIM-QUBFJOGICKDZAIYEZBSH_Peru_DELIM-QUBFJOGICKDZAIYEZBSH_PIU-019_DELIM-QUBFJOGICKDZAIYEZBSH_2022_DELIM-ILQVNMWLZCLMLQWHCVLK_WildBird_DELIM-ILQVNMWLZCLMLQWHCVLK_SouthAmerica_DELIM-ILQVNMWLZCLMLQWHCVLK_Pelican_DELIM-ILQVNMWLZCLMLQWHCVLK_2022-11-24                                                                   0.06%    passed     99.92%
  40  EPI_ISL_18690733_DELIM-ILQVNMWLZCLMLQWHCVLK_A_DELIM-QUBFJOGICKDZAIYEZBSH_sealion_DELIM-QUBFJOGICKDZAIYEZBSH_Biobio_DELIM-QUBFJOGICKDZAIYEZBSH_SJCEIRR-2462961_DELIM-QUBFJOGICKDZAIYEZBSH_2023_DELIM-ILQVNMWLZCLMLQWHCVLK_WildMammal_DELIM-ILQVNMWLZCLMLQWHCVLK_SouthAmerica_DELIM-ILQVNMWLZCLMLQWHCVLK_SeaLion_DELIM-ILQVNMWLZCLMLQWHCVLK_2023-03-26                                                       0.12%    passed     99.83%
  41  EPI_ISL_18439563_DELIM-ILQVNMWLZCLMLQWHCVLK_A_DELIM-QUBFJOGICKDZAIYEZBSH_Brown_skua_DELIM-QUBFJOGICKDZAIYEZBSH_Bird_Island_DELIM-QUBFJOGICKDZAIYEZBSH_128288_DELIM-QUBFJOGICKDZAIYEZBSH_2023_DELIM-ILQVNMWLZCLMLQWHCVLK_WildBird_DELIM-ILQVNMWLZCLMLQWHCVLK_Antarctica_DELIM-ILQVNMWLZCLMLQWHCVLK_Skua_DELIM-ILQVNMWLZCLMLQWHCVLK_2023-10-08                                                               0.06%    passed     99.64%
  42  EPI_ISL_18439564_DELIM-ILQVNMWLZCLMLQWHCVLK_A_DELIM-QUBFJOGICKDZAIYEZBSH_Brown_skua_DELIM-QUBFJOGICKDZAIYEZBSH_Bird_Island_DELIM-QUBFJOGICKDZAIYEZBSH_128289_DELIM-QUBFJOGICKDZAIYEZBSH_2023_DELIM-ILQVNMWLZCLMLQWHCVLK_WildBird_DELIM-ILQVNMWLZCLMLQWHCVLK_Antarctica_DELIM-ILQVNMWLZCLMLQWHCVLK_Skua_DELIM-ILQVNMWLZCLMLQWHCVLK_2023-10-08                                                               0.06%    passed     99.85%
  43  EPI_ISL_17468386_DELIM-ILQVNMWLZCLMLQWHCVLK_A_DELIM-QUBFJOGICKDZAIYEZBSH_Human_DELIM-QUBFJOGICKDZAIYEZBSH_Chile_DELIM-QUBFJOGICKDZAIYEZBSH_25945_DELIM-QUBFJOGICKDZAIYEZBSH_2023_DELIM-ILQVNMWLZCLMLQWHCVLK_Human_DELIM-ILQVNMWLZCLMLQWHCVLK_SouthAmerica_DELIM-ILQVNMWLZCLMLQWHCVLK_Human_DELIM-ILQVNMWLZCLMLQWHCVLK_2023-03-24                                                                           0.06%    passed     99.78%
  44  EPI_ISL_18054509_DELIM-ILQVNMWLZCLMLQWHCVLK_A_DELIM-QUBFJOGICKDZAIYEZBSH_sealion_DELIM-QUBFJOGICKDZAIYEZBSH_Peru_DELIM-QUBFJOGICKDZAIYEZBSH_AQP-SER00K_DELIM-QUBFJOGICKDZAIYEZBSH_2023_DELIM-ILQVNMWLZCLMLQWHCVLK_WildMammal_DELIM-ILQVNMWLZCLMLQWHCVLK_SouthAmerica_DELIM-ILQVNMWLZCLMLQWHCVLK_SeaLion_DELIM-ILQVNMWLZCLMLQWHCVLK_2023-02-07                                                              0.06%    passed     99.94%
  45  EPI_ISL_16157545_DELIM-ILQVNMWLZCLMLQWHCVLK_A_DELIM-QUBFJOGICKDZAIYEZBSH_Chicken_DELIM-QUBFJOGICKDZAIYEZBSH_Ecuador_DELIM-QUBFJOGICKDZAIYEZBSH_02_DELIM-QUBFJOGICKDZAIYEZBSH_2022_DELIM-ILQVNMWLZCLMLQWHCVLK_LivestockAvian_DELIM-ILQVNMWLZCLMLQWHCVLK_SouthAmerica_DELIM-ILQVNMWLZCLMLQWHCVLK_Chicken_DELIM-ILQVNMWLZCLMLQWHCVLK_2022-11-25                                                               0.06%    passed     99.99%
  46  EPI_ISL_19027114_DELIM-ILQVNMWLZCLMLQWHCVLK_A_DELIM-QUBFJOGICKDZAIYEZBSH_Human_DELIM-QUBFJOGICKDZAIYEZBSH_Texas_DELIM-QUBFJOGICKDZAIYEZBSH_37_DELIM-QUBFJOGICKDZAIYEZBSH_2024_DELIM-ILQVNMWLZCLMLQWHCVLK_Human_DELIM-ILQVNMWLZCLMLQWHCVLK_NorthAmerica_DELIM-ILQVNMWLZCLMLQWHCVLK_Human_DELIM-ILQVNMWLZCLMLQWHCVLK_2024-03-28                                                                              0.12%    passed     99.67%
  47  EPI_ISL_19054391_DELIM-ILQVNMWLZCLMLQWHCVLK_A_DELIM-QUBFJOGICKDZAIYEZBSH_feline_DELIM-QUBFJOGICKDZAIYEZBSH_Texas_DELIM-QUBFJOGICKDZAIYEZBSH_24-008764-002-original_DELIM-QUBFJOGICKDZAIYEZBSH_2024_DELIM-ILQVNMWLZCLMLQWHCVLK_WildMammal_DELIM-ILQVNMWLZCLMLQWHCVLK_NorthAmerica_DELIM-ILQVNMWLZCLMLQWHCVLK_Feline_DELIM-ILQVNMWLZCLMLQWHCVLK_2024-03-22                                                   0.06%    passed     99.79%
  48  EPI_ISL_19094696_DELIM-ILQVNMWLZCLMLQWHCVLK_A_DELIM-QUBFJOGICKDZAIYEZBSH_dairycattle_DELIM-QUBFJOGICKDZAIYEZBSH_Michigan_DELIM-QUBFJOGICKDZAIYEZBSH_24_010071-003_DELIM-QUBFJOGICKDZAIYEZBSH_2024_DELIM-ILQVNMWLZCLMLQWHCVLK_LivestockMammal_DELIM-ILQVNMWLZCLMLQWHCVLK_NorthAmerica_DELIM-ILQVNMWLZCLMLQWHCVLK_DairyCattle_DELIM-ILQVNMWLZCLMLQWHCVLK_2024-04-01                                          0.06%    passed     99.79%
  49  EPI_ISL_19094660_DELIM-ILQVNMWLZCLMLQWHCVLK_A_DELIM-QUBFJOGICKDZAIYEZBSH_Domesticcat_DELIM-QUBFJOGICKDZAIYEZBSH_Oklahoma_DELIM-QUBFJOGICKDZAIYEZBSH_24_009118-002_DELIM-QUBFJOGICKDZAIYEZBSH_2024_DELIM-ILQVNMWLZCLMLQWHCVLK_Pet_DELIM-ILQVNMWLZCLMLQWHCVLK_NorthAmerica_DELIM-ILQVNMWLZCLMLQWHCVLK_Cat_DELIM-ILQVNMWLZCLMLQWHCVLK_2024-03-20                                                              0.06%    passed     99.56%
  50  EPI_ISL_19094615_DELIM-ILQVNMWLZCLMLQWHCVLK_A_DELIM-QUBFJOGICKDZAIYEZBSH_dairycattle_DELIM-QUBFJOGICKDZAIYEZBSH_Texas_DELIM-QUBFJOGICKDZAIYEZBSH_24_009367-003_DELIM-QUBFJOGICKDZAIYEZBSH_2024_DELIM-ILQVNMWLZCLMLQWHCVLK_LivestockMammal_DELIM-ILQVNMWLZCLMLQWHCVLK_NorthAmerica_DELIM-ILQVNMWLZCLMLQWHCVLK_DairyCattle_DELIM-ILQVNMWLZCLMLQWHCVLK_2024-03-25                                             0.06%    passed     99.61%
  51  EPI_ISL_17075759_DELIM-ILQVNMWLZCLMLQWHCVLK_A_DELIM-QUBFJOGICKDZAIYEZBSH_Human_DELIM-QUBFJOGICKDZAIYEZBSH_Jiangsu_DELIM-QUBFJOGICKDZAIYEZBSH_NJ210_DELIM-QUBFJOGICKDZAIYEZBSH_2023_DELIM-ILQVNMWLZCLMLQWHCVLK_Human_DELIM-ILQVNMWLZCLMLQWHCVLK_Asia_DELIM-ILQVNMWLZCLMLQWHCVLK_Human_DELIM-ILQVNMWLZCLMLQWHCVLK_2023-02-10                                                                                 0.06%    passed     99.98%
  52  EPI_ISL_18472587_DELIM-ILQVNMWLZCLMLQWHCVLK_A_DELIM-QUBFJOGICKDZAIYEZBSH_white-napedCrane_DELIM-QUBFJOGICKDZAIYEZBSH_Kagoshima_DELIM-QUBFJOGICKDZAIYEZBSH_KU-185_DELIM-QUBFJOGICKDZAIYEZBSH_2022_DELIM-QBSVTYJULFHJZSRWSFMR_H5N1_DELIM-NQBWASCVEGGLWZHMSIWU__DELIM-ILQVNMWLZCLMLQWHCVLK_WildBird_DELIM-ILQVNMWLZCLMLQWHCVLK_Asia_DELIM-ILQVNMWLZCLMLQWHCVLK_Crane_DELIM-ILQVNMWLZCLMLQWHCVLK_2022-12-07    0.06%    passed     99.96%
  53  EPI_ISL_18211466_DELIM-ILQVNMWLZCLMLQWHCVLK_A_DELIM-QUBFJOGICKDZAIYEZBSH_Chicken_DELIM-QUBFJOGICKDZAIYEZBSH_Pakistan_DELIM-QUBFJOGICKDZAIYEZBSH_501_DELIM-QUBFJOGICKDZAIYEZBSH_2018_DELIM-ILQVNMWLZCLMLQWHCVLK_LivestockAvian_DELIM-ILQVNMWLZCLMLQWHCVLK_Asia_DELIM-ILQVNMWLZCLMLQWHCVLK_Chicken_DELIM-ILQVNMWLZCLMLQWHCVLK_2018-02-11                                                                     0.06%    passed     99.98%
  54  EPI_ISL_224722_DELIM-ILQVNMWLZCLMLQWHCVLK_A_DELIM-QUBFJOGICKDZAIYEZBSH_Bar-headedGoose_DELIM-QUBFJOGICKDZAIYEZBSH_Qinghai_DELIM-QUBFJOGICKDZAIYEZBSH_BTY9-LU_DELIM-QUBFJOGICKDZAIYEZBSH_2016_DELIM-ILQVNMWLZCLMLQWHCVLK_WildBird_DELIM-ILQVNMWLZCLMLQWHCVLK_Asia_DELIM-ILQVNMWLZCLMLQWHCVLK_Goose_DELIM-ILQVNMWLZCLMLQWHCVLK_2016-05-09                                                                    0.06%    passed     99.95%
  55  EPI_ISL_369350_DELIM-ILQVNMWLZCLMLQWHCVLK_A_DELIM-QUBFJOGICKDZAIYEZBSH_Chicken_DELIM-QUBFJOGICKDZAIYEZBSH_SouthAfrica_DELIM-QUBFJOGICKDZAIYEZBSH_17080561_DELIM-QUBFJOGICKDZAIYEZBSH_2017_DELIM-ILQVNMWLZCLMLQWHCVLK_LivestockAvian_DELIM-ILQVNMWLZCLMLQWHCVLK_Africa_DELIM-ILQVNMWLZCLMLQWHCVLK_Chicken_DELIM-ILQVNMWLZCLMLQWHCVLK_2017-08-29                                                             0.06%    passed     99.97%
  56  EPI_ISL_389755_DELIM-ILQVNMWLZCLMLQWHCVLK_A_DELIM-QUBFJOGICKDZAIYEZBSH_Chicken_DELIM-QUBFJOGICKDZAIYEZBSH_Egypt_DELIM-QUBFJOGICKDZAIYEZBSH_Q13944C_DELIM-QUBFJOGICKDZAIYEZBSH_2017_DELIM-ILQVNMWLZCLMLQWHCVLK_LivestockAvian_DELIM-ILQVNMWLZCLMLQWHCVLK_Africa_DELIM-ILQVNMWLZCLMLQWHCVLK_Chicken_DELIM-ILQVNMWLZCLMLQWHCVLK_2017-04-12                                                                    0.06%    passed     99.89%
  57  EPI_ISL_316558_DELIM-ILQVNMWLZCLMLQWHCVLK_A_DELIM-QUBFJOGICKDZAIYEZBSH_Duck_DELIM-QUBFJOGICKDZAIYEZBSH_Italy_DELIM-QUBFJOGICKDZAIYEZBSH_17VIR9533_DELIM-QUBFJOGICKDZAIYEZBSH_2017_DELIM-ILQVNMWLZCLMLQWHCVLK_OtherBird_DELIM-ILQVNMWLZCLMLQWHCVLK_Europe_DELIM-ILQVNMWLZCLMLQWHCVLK_Duck_DELIM-ILQVNMWLZCLMLQWHCVLK_2017-10-25                                                                             0.06%    passed     99.56%
  58  EPI_ISL_681272_DELIM-ILQVNMWLZCLMLQWHCVLK_A_DELIM-QUBFJOGICKDZAIYEZBSH_Chicken_DELIM-QUBFJOGICKDZAIYEZBSH_Kagawa_DELIM-QUBFJOGICKDZAIYEZBSH_F3C_DELIM-QUBFJOGICKDZAIYEZBSH_2020_DELIM-ILQVNMWLZCLMLQWHCVLK_LivestockAvian_DELIM-ILQVNMWLZCLMLQWHCVLK_Asia_DELIM-ILQVNMWLZCLMLQWHCVLK_Chicken_DELIM-ILQVNMWLZCLMLQWHCVLK_2020-11-19                                                                         0.06%    passed     99.08%
****  TOTAL                                                                                                                                                                                                                                                                                                                                                                                                      0.06%  0 sequences failed composition chi2 test (p-value<5%; df=3)
NOTE: EPI_ISL_18771245_DELIM-ILQVNMWLZCLMLQWHCVLK_A_DELIM-QUBFJOGICKDZAIYEZBSH_whitemink_DELIM-QUBFJOGICKDZAIYEZBSH_Finland_DELIM-QUBFJOGICKDZAIYEZBSH_UH-361-E1_DELIM-QUBFJOGICKDZAIYEZBSH_2023_DELIM-ILQVNMWLZCLMLQWHCVLK_LivestockMammal_DELIM-ILQVNMWLZCLMLQWHCVLK_Europe_DELIM-ILQVNMWLZCLMLQWHCVLK_Mink_DELIM-ILQVNMWLZCLMLQWHCVLK_2023-10-17 is identical to EPI_ISL_18771178_DELIM-ILQVNMWLZCLMLQWHCVLK_A_DELIM-QUBFJOGICKDZAIYEZBSH_whitemink_DELIM-QUBFJOGICKDZAIYEZBSH_Finland_DELIM-QUBFJOGICKDZAIYEZBSH_UH-353-E1_DELIM-QUBFJOGICKDZAIYEZBSH_2023_DELIM-ILQVNMWLZCLMLQWHCVLK_LivestockMammal_DELIM-ILQVNMWLZCLMLQWHCVLK_Europe_DELIM-ILQVNMWLZCLMLQWHCVLK_Mink_DELIM-ILQVNMWLZCLMLQWHCVLK_2023-10-17 but kept for subsequent analysis
NOTE: EPI_ISL_19094696_DELIM-ILQVNMWLZCLMLQWHCVLK_A_DELIM-QUBFJOGICKDZAIYEZBSH_dairycattle_DELIM-QUBFJOGICKDZAIYEZBSH_Michigan_DELIM-QUBFJOGICKDZAIYEZBSH_24_010071-003_DELIM-QUBFJOGICKDZAIYEZBSH_2024_DELIM-ILQVNMWLZCLMLQWHCVLK_LivestockMammal_DELIM-ILQVNMWLZCLMLQWHCVLK_NorthAmerica_DELIM-ILQVNMWLZCLMLQWHCVLK_DairyCattle_DELIM-ILQVNMWLZCLMLQWHCVLK_2024-04-01 is identical to EPI_ISL_19054391_DELIM-ILQVNMWLZCLMLQWHCVLK_A_DELIM-QUBFJOGICKDZAIYEZBSH_feline_DELIM-QUBFJOGICKDZAIYEZBSH_Texas_DELIM-QUBFJOGICKDZAIYEZBSH_24-008764-002-original_DELIM-QUBFJOGICKDZAIYEZBSH_2024_DELIM-ILQVNMWLZCLMLQWHCVLK_WildMammal_DELIM-ILQVNMWLZCLMLQWHCVLK_NorthAmerica_DELIM-ILQVNMWLZCLMLQWHCVLK_Feline_DELIM-ILQVNMWLZCLMLQWHCVLK_2024-03-22 but kept for subsequent analysis

Create initial parsimony tree by phylogenetic likelihood library (PLL)... 0.005 seconds

NOTE: 0 MB RAM (0 GB) is required!
Measuring multi-threading efficiency up to 1 CPU cores
Increase to 10 rounds for branch lengths
108 trees examined
Threads: 1 / Time: 1.013 sec / Speedup: 1.000 / Efficiency: 100% / LogL: -10883
BEST NUMBER OF THREADS: 1

Estimate model parameters (epsilon = 0.500)
1. Initial log-likelihood: -5803.383
2. Current log-likelihood: -5541.510
Optimal log-likelihood: -5541.491
Rate parameters:  A-C: 1.07463  A-G: 5.41230  A-T: 0.64631  C-G: 0.12197  C-T: 8.67289  G-T: 1.00000
Base frequencies:  A: 0.345  C: 0.187  G: 0.232  T: 0.237
Parameters optimization took 2 rounds (0.072 sec)
Computing ML distances based on estimated model parameters...
Computing ML distances took 0.009303 sec (of wall-clock time) 0.009280 sec(of CPU time)
Computing RapidNJ tree took 0.008655 sec (of wall-clock time) 0.005631 sec (of CPU time)
Log-likelihood of RapidNJ tree: -5586.231
--------------------------------------------------------------------
|             INITIALIZING CANDIDATE TREE SET                      |
--------------------------------------------------------------------

Do NNI search on 2 best initial trees
BETTER TREE FOUND at iteration 1: -5541.491
Finish initializing candidate tree set (4)
Current best tree score: -5541.491 / CPU time: 0.064
Number of iterations: 2
TREE SEARCH COMPLETED AFTER 2 ITERATIONS / Time: 0h:0m:1s

--------------------------------------------------------------------
|                    FINALIZING TREE SEARCH                        |
--------------------------------------------------------------------
Performs final model parameters optimization
Estimate model parameters (epsilon = 0.050)
1. Initial log-likelihood: -5541.491
Optimal log-likelihood: -5541.491
Rate parameters:  A-C: 1.07497  A-G: 5.41241  A-T: 0.64635  C-G: 0.12132  C-T: 8.67286  G-T: 1.00000
Base frequencies:  A: 0.345  C: 0.187  G: 0.232  T: 0.237
Parameters optimization took 1 rounds (0.008 sec)
BEST SCORE FOUND : -5541.491
Total tree length: 0.291

Total number of iterations: 2
CPU time used for tree search: 0.050 sec (0h:0m:0s)
Wall-clock time used for tree search: 0.064 sec (0h:0m:0s)
Total CPU time used: 1.168 sec (0h:0m:1s)
Total wall-clock time used: 1.215 sec (0h:0m:1s)

Analysis results written to: 
  IQ-TREE report:                results/aligned-delim.fasta.iqtree
  Maximum-likelihood tree:       results/aligned-delim.fasta.treefile
  Likelihood distances:          results/aligned-delim.fasta.mldist
  Screen log file:               results/aligned-delim.fasta.log

Date and Time: Mon Jun 17 10:24:09 2024
